<?xml version="1.0" encoding="UTF-8"?>
<!-- Generated by org.testng.reporters.JUnitReportReporter -->
<testsuite hostname="Chitra" failures="0" tests="1" name="runner.TC_001_Login" time="11.065" errors="0" timestamp="2024-09-05T16:56:32 IST" skipped="0">
  <testcase classname="runner.TC_001_Login" name="runners" time="11.065"/>
  <system-out/>
</testsuite> <!-- runner.TC_001_Login -->
