<?xml version="1.0" encoding="UTF-8"?>
<!-- Generated by org.testng.reporters.JUnitReportReporter -->
<testsuite hostname="Chitra" failures="0" tests="1" name="runner.TC_003_Account_Creation" time="17.384" errors="0" timestamp="2024-09-05T16:56:32 IST" skipped="0">
  <testcase classname="runner.TC_003_Account_Creation" name="runners" time="17.384"/>
  <system-out/>
</testsuite> <!-- runner.TC_003_Account_Creation -->
