<?xml version="1.0" encoding="UTF-8"?>
<!-- Generated by org.testng.reporters.JUnitReportReporter -->
<testsuite hostname="Chitra" failures="0" tests="1" name="runner.TC_001_Account_Creation" time="28.007" errors="0" timestamp="2024-09-05T11:34:24 IST" skipped="0">
  <testcase classname="runner.TC_001_Account_Creation" name="runners" time="28.007"/>
  <system-out/>
</testsuite> <!-- runner.TC_001_Account_Creation -->
