<?xml version="1.0" encoding="UTF-8"?>
<!-- Generated by org.testng.reporters.JUnitReportReporter -->
<testsuite hostname="Chitra" failures="0" tests="1" name="runner.TC_002_Logout" time="11.310" errors="0" timestamp="2024-09-05T16:56:32 IST" skipped="0">
  <testcase classname="runner.TC_002_Logout" name="runners" time="11.310"/>
  <system-out/>
</testsuite> <!-- runner.TC_002_Logout -->
